2021-02-22 07:34:17.946 INFO  com.bins.springcloud.shop.user.ShopUserApplication - No active profile set, falling back to default profiles: default
2021-02-22 07:34:20.446 INFO  org.springframework.cloud.context.scope.GenericScope - BeanFactory id=81249c60-ba63-3619-a4fb-b2090e632e6f
2021-02-22 07:34:21.538 INFO  org.springframework.boot.web.embedded.tomcat.TomcatWebServer - Tomcat initialized with port(s): 8003 (http)
2021-02-22 07:34:21.729 INFO  org.apache.coyote.http11.Http11NioProtocol - Initializing ProtocolHandler ["http-nio-8003"]
2021-02-22 07:34:21.730 INFO  org.apache.catalina.core.StandardService - Starting service [Tomcat]
2021-02-22 07:34:21.731 INFO  org.apache.catalina.core.StandardEngine - Starting Servlet engine: [Apache Tomcat/9.0.37]
2021-02-22 07:34:21.950 INFO  org.apache.catalina.core.ContainerBase.[Tomcat].[localhost].[/] - Initializing Spring embedded WebApplicationContext
2021-02-22 07:34:21.951 INFO  org.springframework.boot.web.servlet.context.ServletWebServerApplicationContext - Root WebApplicationContext: initialization completed in 3952 ms
2021-02-22 07:34:22.273 INFO  com.netflix.config.sources.URLConfigurationSource - To enable URLs as dynamic configuration sources, define System property archaius.configurationSource.additionalUrls or make config.properties available on classpath.
2021-02-22 07:34:22.344 INFO  com.netflix.config.DynamicPropertyFactory - DynamicPropertyFactory is initialized with configuration sources: com.netflix.config.ConcurrentCompositeConfiguration@5657967b
2021-02-22 07:34:22.919 INFO  com.alibaba.druid.spring.boot.autoconfigure.DruidDataSourceAutoConfigure - Init DruidDataSource
2021-02-22 07:34:24.407 INFO  com.alibaba.druid.pool.DruidDataSource - {dataSource-1} inited
2021-02-22 07:34:24.950 INFO  com.netflix.config.sources.URLConfigurationSource - To enable URLs as dynamic configuration sources, define System property archaius.configurationSource.additionalUrls or make config.properties available on classpath.
2021-02-22 07:34:25.578 INFO  org.springframework.scheduling.concurrent.ThreadPoolTaskExecutor - Initializing ExecutorService 'applicationTaskExecutor'
2021-02-22 07:34:27.658 INFO  org.springframework.cloud.netflix.eureka.config.DiscoveryClientOptionalArgsConfiguration - Eureka HTTP Client uses RestTemplate.
2021-02-22 07:34:28.065 INFO  org.springframework.boot.actuate.endpoint.web.EndpointLinksResolver - Exposing 2 endpoint(s) beneath base path '/actuator'
2021-02-22 07:41:02.833 INFO  com.bins.springcloud.shop.user.ShopUserApplication - No active profile set, falling back to default profiles: default
2021-02-22 07:41:05.164 INFO  org.springframework.cloud.context.scope.GenericScope - BeanFactory id=81249c60-ba63-3619-a4fb-b2090e632e6f
2021-02-22 07:41:06.387 INFO  org.springframework.boot.web.embedded.tomcat.TomcatWebServer - Tomcat initialized with port(s): 8003 (http)
2021-02-22 07:41:06.407 INFO  org.apache.coyote.http11.Http11NioProtocol - Initializing ProtocolHandler ["http-nio-8003"]
2021-02-22 07:41:06.409 INFO  org.apache.catalina.core.StandardService - Starting service [Tomcat]
2021-02-22 07:41:06.410 INFO  org.apache.catalina.core.StandardEngine - Starting Servlet engine: [Apache Tomcat/9.0.37]
2021-02-22 07:41:06.661 INFO  org.apache.catalina.core.ContainerBase.[Tomcat].[localhost].[/] - Initializing Spring embedded WebApplicationContext
2021-02-22 07:41:06.662 INFO  org.springframework.boot.web.servlet.context.ServletWebServerApplicationContext - Root WebApplicationContext: initialization completed in 3765 ms
2021-02-22 07:41:06.947 INFO  com.netflix.config.sources.URLConfigurationSource - To enable URLs as dynamic configuration sources, define System property archaius.configurationSource.additionalUrls or make config.properties available on classpath.
2021-02-22 07:41:07.009 INFO  com.netflix.config.DynamicPropertyFactory - DynamicPropertyFactory is initialized with configuration sources: com.netflix.config.ConcurrentCompositeConfiguration@696fad31
2021-02-22 07:41:07.519 INFO  com.alibaba.druid.spring.boot.autoconfigure.DruidDataSourceAutoConfigure - Init DruidDataSource
2021-02-22 07:41:08.798 INFO  com.alibaba.druid.pool.DruidDataSource - {dataSource-1} inited
2021-02-22 07:41:09.402 INFO  com.netflix.config.sources.URLConfigurationSource - To enable URLs as dynamic configuration sources, define System property archaius.configurationSource.additionalUrls or make config.properties available on classpath.
2021-02-22 07:41:10.221 INFO  org.springframework.scheduling.concurrent.ThreadPoolTaskExecutor - Initializing ExecutorService 'applicationTaskExecutor'
2021-02-22 07:41:12.399 INFO  org.springframework.cloud.netflix.eureka.config.DiscoveryClientOptionalArgsConfiguration - Eureka HTTP Client uses RestTemplate.
2021-02-22 07:41:12.718 INFO  org.springframework.boot.actuate.endpoint.web.EndpointLinksResolver - Exposing 2 endpoint(s) beneath base path '/actuator'
2021-02-22 07:41:12.873 INFO  org.springframework.cloud.netflix.eureka.InstanceInfoFactory - Setting initial instance status as: STARTING
2021-02-22 07:41:13.066 INFO  com.netflix.discovery.DiscoveryClient - Initializing Eureka in region us-east-1
2021-02-22 07:41:13.079 INFO  com.netflix.discovery.shared.resolver.aws.ConfigClusterResolver - Resolving eureka endpoints via configuration
2021-02-22 07:41:13.159 INFO  com.netflix.discovery.DiscoveryClient - Disable delta property : false
2021-02-22 07:41:13.159 INFO  com.netflix.discovery.DiscoveryClient - Single vip registry refresh property : null
2021-02-22 07:41:13.159 INFO  com.netflix.discovery.DiscoveryClient - Force full registry fetch : false
2021-02-22 07:41:13.159 INFO  com.netflix.discovery.DiscoveryClient - Application is null : false
2021-02-22 07:41:13.159 INFO  com.netflix.discovery.DiscoveryClient - Registered Applications size is zero : true
2021-02-22 07:41:13.159 INFO  com.netflix.discovery.DiscoveryClient - Application version is -1: true
2021-02-22 07:41:13.160 INFO  com.netflix.discovery.DiscoveryClient - Getting all instance registry info from the eureka server
2021-02-22 07:41:13.884 INFO  com.netflix.discovery.DiscoveryClient - The response status is 200
2021-02-22 07:41:13.904 INFO  com.netflix.discovery.DiscoveryClient - Starting heartbeat executor: renew interval is: 30
2021-02-22 07:41:13.927 INFO  com.netflix.discovery.InstanceInfoReplicator - InstanceInfoReplicator onDemand update allowed rate per min is 4
2021-02-22 07:41:13.943 INFO  com.netflix.discovery.DiscoveryClient - Discovery Client initialized at timestamp 1613950873940 with initial instances count: 1
2021-02-22 07:41:13.951 INFO  org.springframework.cloud.netflix.eureka.serviceregistry.EurekaServiceRegistry - Registering application SHOP-USER with eureka with status UP
2021-02-22 07:41:13.952 INFO  com.netflix.discovery.DiscoveryClient - Saw local status change event StatusChangeEvent [timestamp=1613950873952, current=UP, previous=STARTING]
2021-02-22 07:41:13.957 INFO  com.netflix.discovery.DiscoveryClient - DiscoveryClient_SHOP-USER/songronbindeair:shop-user:8003: registering service...
2021-02-22 07:41:13.970 INFO  org.apache.coyote.http11.Http11NioProtocol - Starting ProtocolHandler ["http-nio-8003"]
2021-02-22 07:41:14.182 INFO  com.netflix.discovery.DiscoveryClient - DiscoveryClient_SHOP-USER/songronbindeair:shop-user:8003 - registration status: 204
2021-02-22 07:41:14.263 INFO  org.springframework.boot.web.embedded.tomcat.TomcatWebServer - Tomcat started on port(s): 8003 (http) with context path ''
2021-02-22 07:41:14.264 INFO  org.springframework.cloud.netflix.eureka.serviceregistry.EurekaAutoServiceRegistration - Updating port to 8003
2021-02-22 07:41:14.412 INFO  com.bins.springcloud.shop.user.ShopUserApplication - Started ShopUserApplication in 14.111 seconds (JVM running for 16.069)
2021-02-22 07:41:53.148 INFO  org.apache.catalina.core.ContainerBase.[Tomcat].[localhost].[/] - Initializing Spring DispatcherServlet 'dispatcherServlet'
2021-02-22 07:41:53.150 INFO  org.springframework.web.servlet.DispatcherServlet - Initializing Servlet 'dispatcherServlet'
2021-02-22 07:41:53.182 INFO  org.springframework.web.servlet.DispatcherServlet - Completed initialization in 32 ms
2021-02-22 07:45:08.947 INFO  com.bins.springcloud.shop.user.ShopUserApplication - No active profile set, falling back to default profiles: default
2021-02-22 07:45:11.290 INFO  org.springframework.cloud.context.scope.GenericScope - BeanFactory id=81249c60-ba63-3619-a4fb-b2090e632e6f
2021-02-22 07:45:12.439 INFO  org.springframework.boot.web.embedded.tomcat.TomcatWebServer - Tomcat initialized with port(s): 8003 (http)
2021-02-22 07:45:12.605 INFO  org.apache.coyote.http11.Http11NioProtocol - Initializing ProtocolHandler ["http-nio-8003"]
2021-02-22 07:45:12.606 INFO  org.apache.catalina.core.StandardService - Starting service [Tomcat]
2021-02-22 07:45:12.606 INFO  org.apache.catalina.core.StandardEngine - Starting Servlet engine: [Apache Tomcat/9.0.37]
2021-02-22 07:45:12.847 INFO  org.apache.catalina.core.ContainerBase.[Tomcat].[localhost].[/] - Initializing Spring embedded WebApplicationContext
2021-02-22 07:45:12.849 INFO  org.springframework.boot.web.servlet.context.ServletWebServerApplicationContext - Root WebApplicationContext: initialization completed in 3834 ms
2021-02-22 07:45:13.165 INFO  com.netflix.config.sources.URLConfigurationSource - To enable URLs as dynamic configuration sources, define System property archaius.configurationSource.additionalUrls or make config.properties available on classpath.
2021-02-22 07:45:13.229 INFO  com.netflix.config.DynamicPropertyFactory - DynamicPropertyFactory is initialized with configuration sources: com.netflix.config.ConcurrentCompositeConfiguration@3dfd6220
2021-02-22 07:45:13.652 INFO  com.alibaba.druid.spring.boot.autoconfigure.DruidDataSourceAutoConfigure - Init DruidDataSource
2021-02-22 07:45:14.798 INFO  com.alibaba.druid.pool.DruidDataSource - {dataSource-1} inited
2021-02-22 07:45:15.445 INFO  com.netflix.config.sources.URLConfigurationSource - To enable URLs as dynamic configuration sources, define System property archaius.configurationSource.additionalUrls or make config.properties available on classpath.
2021-02-22 07:45:16.197 INFO  org.springframework.scheduling.concurrent.ThreadPoolTaskExecutor - Initializing ExecutorService 'applicationTaskExecutor'
2021-02-22 07:45:18.666 INFO  org.springframework.cloud.netflix.eureka.config.DiscoveryClientOptionalArgsConfiguration - Eureka HTTP Client uses RestTemplate.
2021-02-22 07:45:18.933 INFO  org.springframework.boot.actuate.endpoint.web.EndpointLinksResolver - Exposing 2 endpoint(s) beneath base path '/actuator'
2021-02-22 07:45:19.034 INFO  org.springframework.cloud.netflix.eureka.InstanceInfoFactory - Setting initial instance status as: STARTING
2021-02-22 07:45:19.160 INFO  com.netflix.discovery.DiscoveryClient - Initializing Eureka in region us-east-1
2021-02-22 07:45:19.186 INFO  com.netflix.discovery.shared.resolver.aws.ConfigClusterResolver - Resolving eureka endpoints via configuration
2021-02-22 07:45:19.294 INFO  com.netflix.discovery.DiscoveryClient - Disable delta property : false
2021-02-22 07:45:19.296 INFO  com.netflix.discovery.DiscoveryClient - Single vip registry refresh property : null
2021-02-22 07:45:19.296 INFO  com.netflix.discovery.DiscoveryClient - Force full registry fetch : false
2021-02-22 07:45:19.296 INFO  com.netflix.discovery.DiscoveryClient - Application is null : false
2021-02-22 07:45:19.296 INFO  com.netflix.discovery.DiscoveryClient - Registered Applications size is zero : true
2021-02-22 07:45:19.296 INFO  com.netflix.discovery.DiscoveryClient - Application version is -1: true
2021-02-22 07:45:19.296 INFO  com.netflix.discovery.DiscoveryClient - Getting all instance registry info from the eureka server
2021-02-22 07:45:19.943 INFO  com.netflix.discovery.DiscoveryClient - The response status is 200
2021-02-22 07:45:19.950 INFO  com.netflix.discovery.DiscoveryClient - Starting heartbeat executor: renew interval is: 30
2021-02-22 07:45:19.963 INFO  com.netflix.discovery.InstanceInfoReplicator - InstanceInfoReplicator onDemand update allowed rate per min is 4
2021-02-22 07:45:19.975 INFO  com.netflix.discovery.DiscoveryClient - Discovery Client initialized at timestamp 1613951119973 with initial instances count: 1
2021-02-22 07:45:19.983 INFO  org.springframework.cloud.netflix.eureka.serviceregistry.EurekaServiceRegistry - Registering application SHOP-USER with eureka with status UP
2021-02-22 07:45:19.984 INFO  com.netflix.discovery.DiscoveryClient - Saw local status change event StatusChangeEvent [timestamp=1613951119984, current=UP, previous=STARTING]
2021-02-22 07:45:20.000 INFO  com.netflix.discovery.DiscoveryClient - DiscoveryClient_SHOP-USER/songronbindeair:shop-user:8003: registering service...
2021-02-22 07:45:20.034 INFO  org.apache.coyote.http11.Http11NioProtocol - Starting ProtocolHandler ["http-nio-8003"]
2021-02-22 07:45:20.134 INFO  com.netflix.discovery.DiscoveryClient - DiscoveryClient_SHOP-USER/songronbindeair:shop-user:8003 - registration status: 204
2021-02-22 07:45:20.249 INFO  org.springframework.boot.web.embedded.tomcat.TomcatWebServer - Tomcat started on port(s): 8003 (http) with context path ''
2021-02-22 07:45:20.251 INFO  org.springframework.cloud.netflix.eureka.serviceregistry.EurekaAutoServiceRegistration - Updating port to 8003
2021-02-22 07:45:20.419 INFO  com.bins.springcloud.shop.user.ShopUserApplication - Started ShopUserApplication in 13.234 seconds (JVM running for 14.694)
2021-02-22 07:45:35.162 INFO  org.apache.catalina.core.ContainerBase.[Tomcat].[localhost].[/] - Initializing Spring DispatcherServlet 'dispatcherServlet'
2021-02-22 07:45:35.164 INFO  org.springframework.web.servlet.DispatcherServlet - Initializing Servlet 'dispatcherServlet'
2021-02-22 07:45:35.193 INFO  org.springframework.web.servlet.DispatcherServlet - Completed initialization in 28 ms
2021-02-22 07:50:19.312 INFO  com.netflix.discovery.shared.resolver.aws.ConfigClusterResolver - Resolving eureka endpoints via configuration
2021-02-22 07:55:19.335 INFO  com.netflix.discovery.shared.resolver.aws.ConfigClusterResolver - Resolving eureka endpoints via configuration
2021-02-22 08:00:19.346 INFO  com.netflix.discovery.shared.resolver.aws.ConfigClusterResolver - Resolving eureka endpoints via configuration
2021-02-22 08:05:19.346 INFO  com.netflix.discovery.shared.resolver.aws.ConfigClusterResolver - Resolving eureka endpoints via configuration
